%!Adobe-FontList 1.14
%Locale:0x409

%BeginFont
Handler:DirectoryHandler
FontType:TrueType
FontName:Archivo-Bold
FamilyName:Archivo
StyleName:Bold
MenuName:Archivo
StyleBits:2
WeightClass:700
WidthClass:5
AngleClass:0
FullName:Archivo Bold
WritingScript:Roman
OutlineFileName:\Archivo-Bold.ttf
DataFormat:sfntData
FileLength:119564
FileModTime:1480719600
%EndFont

%BeginFont
Handler:DirectoryHandler
FontType:TrueType
FontName:Archivo-BoldItalic
FamilyName:Archivo
StyleName:Bold Italic
MenuName:Archivo
StyleBits:3
WeightClass:700
WidthClass:5
AngleClass:1
FullName:Archivo Bold Italic
WritingScript:Roman
OutlineFileName:\Archivo-BoldItalic.ttf
DataFormat:sfntData
FileLength:119756
FileModTime:1480719600
%EndFont

%BeginFont
Handler:DirectoryHandler
FontType:TrueType
FontName:Archivo-Italic
FamilyName:Archivo
StyleName:Italic
MenuName:Archivo
StyleBits:1
WeightClass:400
WidthClass:5
AngleClass:1
FullName:Archivo Italic
WritingScript:Roman
OutlineFileName:\Archivo-Italic.ttf
DataFormat:sfntData
FileLength:113252
FileModTime:1480719600
%EndFont

%BeginFont
Handler:DirectoryHandler
FontType:TrueType
FontName:Archivo-Regular
FamilyName:Archivo
StyleName:Regular
MenuName:Archivo
StyleBits:0
WeightClass:400
WidthClass:5
AngleClass:0
FullName:Archivo Regular
WritingScript:Roman
OutlineFileName:\Archivo-Regular.ttf
DataFormat:sfntData
FileLength:109420
FileModTime:1480719600
%EndFont

%BeginFont
Handler:DirectoryHandler
FontType:TrueType
FontName:ArialMT
FamilyName:Arial
StyleName:Regular
MenuName:Arial
StyleBits:0
WeightClass:400
WidthClass:5
AngleClass:0
FullName:Arial
WritingScript:Roman
OutlineFileName:\Arial.ttf
DataFormat:sfntData
FileLength:774476
FileModTime:1352106000
%EndFont

%BeginFont
Handler:DirectoryHandler
FontType:Type1
FontName:Bauziet-Norm-Regular
FamilyName:Bauziet
StyleName:Norm Regular
MenuName:Regular
StyleBits:0
WeightClass:400
WidthClass:5
AngleClass:0
FullName:Bauziet Norm Regular
WritingScript:Roman
OutlineFileName:\Bauziet-Norm-Regular.otf
DataFormat:sfntData
UsesStandardEncoding:yes
isCFF:yes
FileLength:71180
FileModTime:1606335787
%EndFont

%BeginFont
Handler:DirectoryHandler
FontType:Type1
FontName:MinionPro-Bold
FamilyName:Minion Pro
StyleName:Bold
MenuName:Minion Pro
StyleBits:2
WeightClass:700
WidthClass:5
AngleClass:0
FullName:Minion Pro Bold
WritingScript:Roman
OutlineFileName:\MinionPro-Bold.otf
DataFormat:sfntData
UsesStandardEncoding:yes
isCFF:yes
FileLength:217028
FileModTime:1389905831
DesignSize:110
%EndFont

%BeginFont
Handler:DirectoryHandler
FontType:Type1
FontName:MinionPro-Regular
FamilyName:Minion Pro
StyleName:Regular
MenuName:Minion Pro
StyleBits:0
WeightClass:400
WidthClass:5
AngleClass:0
FullName:Minion Pro
WritingScript:Roman
OutlineFileName:\MinionPro-Regular.otf
DataFormat:sfntData
UsesStandardEncoding:yes
isCFF:yes
FileLength:217280
FileModTime:1350899812
DesignSize:110
%EndFont

%BeginFont
Handler:DirectoryHandler
FontType:Type1
FontName:PPRightGothic-WideMedium
FamilyName:PP Right Gothic
StyleName:Wide Medium
MenuName:PP Right Gothic Wide Medium
StyleBits:0
WeightClass:500
WidthClass:6
AngleClass:0
FullName:PP Right Gothic Wide Medium
WritingScript:Roman
OutlineFileName:\PPRightGothic-WideMedium.otf
DataFormat:sfntData
UsesStandardEncoding:yes
isCFF:yes
FileLength:107232
FileModTime:1634150850
%EndFont

%BeginFont
Handler:DirectoryHandler
FontType:Type1
FontName:RightGrotesk-SpatialRegular
FamilyName:Right Grotesk
StyleName:Spatial Regular
MenuName:Right Grotesk Spatial
StyleBits:0
WeightClass:400
WidthClass:7
AngleClass:0
FullName:Right Grotesk Spatial Regular
WritingScript:Roman
OutlineFileName:\RightGrotesk-SpatialRegular.otf
DataFormat:sfntData
UsesStandardEncoding:yes
isCFF:yes
FileLength:72920
FileModTime:1582660736
%EndFont

%BeginFont
Handler:DirectoryHandler
FontType:Type1
FontName:RightGrotesk-WideMedium
FamilyName:Right Grotesk
StyleName:Wide Medium
MenuName:Right Grotesk Wide Medium
StyleBits:0
WeightClass:500
WidthClass:6
AngleClass:0
FullName:Right Grotesk Wide Medium
WritingScript:Roman
OutlineFileName:\RightGrotesk-WideMedium.otf
DataFormat:sfntData
UsesStandardEncoding:yes
isCFF:yes
FileLength:73076
FileModTime:1582660724
%EndFont

